# JRE version: OpenJDK Runtime Environment Corretto-11.0.13.8.1 (11.0.13+8) (build 11.0.13+8-LTS)
# Java VM: OpenJDK 64-Bit Server VM Corretto-11.0.13.8.1 (11.0.13+8-LTS, mixed mode, tiered, compressed oops, g1 gc, windows-amd64)
Heap:
 garbage-first heap   total 131072K, used 26986K [0x0000000081600000, 0x0000000100000000)
  region size 1024K, 22 young (22528K), 2 survivors (2048K)
 Metaspace       used 16344K, capacity 16678K, committed 16896K, reserved 1064960K
  class space    used 1636K, capacity 1746K, committed 1792K, reserved 1048576K
GC Heap History (6 events):
Event: 4.201 GC heap before
{Heap before GC invocations=0 (full 0):
 garbage-first heap   total 131072K, used 13312K [0x0000000081600000, 0x0000000100000000)
  region size 1024K, 14 young (14336K), 0 survivors (0K)
 Metaspace       used 8267K, capacity 8338K, committed 8576K, reserved 1056768K
  class space    used 737K, capacity 775K, committed 896K, reserved 1048576K
}
Event: 4.224 GC heap after
{Heap after GC invocations=1 (full 0):
 garbage-first heap   total 131072K, used 6157K [0x0000000081600000, 0x0000000100000000)
  region size 1024K, 2 young (2048K), 2 survivors (2048K)
 Metaspace       used 8267K, capacity 8338K, committed 8576K, reserved 1056768K
  class space    used 737K, capacity 775K, committed 896K, reserved 1048576K
}
Event: 5.332 GC heap before
{Heap before GC invocations=1 (full 0):
 garbage-first heap   total 131072K, used 13325K [0x0000000081600000, 0x0000000100000000)
  region size 1024K, 9 young (9216K), 2 survivors (2048K)
 Metaspace       used 10308K, capacity 10487K, committed 10752K, reserved 1058816K
  class space    used 941K, capacity 983K, committed 1024K, reserved 1048576K
}
Event: 5.348 GC heap after
{Heap after GC invocations=2 (full 0):
 garbage-first heap   total 131072K, used 6946K [0x0000000081600000, 0x0000000100000000)
  region size 1024K, 1 young (1024K), 1 survivors (1024K)
 Metaspace       used 10308K, capacity 10487K, committed 10752K, reserved 1058816K
  class space    used 941K, capacity 983K, committed 1024K, reserved 1048576K
}
Event: 7.812 GC heap before
{Heap before GC invocations=2 (full 0):
 garbage-first heap   total 131072K, used 25378K [0x0000000081600000, 0x0000000100000000)
  region size 1024K, 19 young (19456K), 1 survivors (1024K)
 Metaspace       used 13068K, capacity 13313K, committed 13440K, reserved 1060864K
  class space    used 1269K, capacity 1352K, committed 1408K, reserved 1048576K
}
Event: 7.825 GC heap after
{Heap after GC invocations=3 (full 0):
 garbage-first heap   total 131072K, used 7530K [0x0000000081600000, 0x0000000100000000)
  region size 1024K, 2 young (2048K), 2 survivors (2048K)
 Metaspace       used 13068K, capacity 13313K, committed 13440K, reserved 1060864K
  class space    used 1269K, capacity 1352K, committed 1408K, reserved 1048576K
}

